\BOOKMARK [0][-]{Doc-Start}{\376\377\000C\000o\000n\000t\000e\000n\000i\000d\000o}{}% 1
\BOOKMARK [0][-]{chapter*.1}{\376\377\000L\000i\000s\000t\000a\000\040\000d\000e\000\040\000f\000i\000g\000u\000r\000a\000s}{}% 2
\BOOKMARK [0][-]{chapter*.7}{\376\377\000L\000i\000s\000t\000a\000\040\000d\000e\000\040\000t\000a\000b\000l\000a\000s}{}% 3
\BOOKMARK [0][-]{chapter*.8}{\376\377\000L\000i\000s\000t\000a\000\040\000d\000e\000\040\000a\000b\000r\000e\000v\000i\000a\000t\000u\000r\000a\000s}{}% 4
\BOOKMARK [0][-]{chapter.1}{\376\377\000I\000n\000t\000r\000o\000d\000u\000c\000c\000i\000\363\000n}{}% 5
\BOOKMARK [1][-]{section.1.1}{\376\377\000M\000e\000m\000b\000r\000a\000n\000a\000\040\000b\000i\000o\000l\000\363\000g\000i\000c\000a}{chapter.1}% 6
\BOOKMARK [1][-]{section.1.2}{\376\377\000I\000n\000t\000e\000g\000r\000i\000n\000a\000s}{chapter.1}% 7
\BOOKMARK [1][-]{section.1.3}{\376\377\000M\000o\000t\000i\000v\000a\000c\000i\000\363\000n\000\040\000y\000\040\000o\000b\000j\000e\000t\000i\000v\000o\000\040\000d\000e\000\040\000l\000a\000\040\000t\000e\000s\000i\000s}{chapter.1}% 8
\BOOKMARK [0][-]{chapter.2}{\376\377\000M\000e\000t\000o\000d\000o\000l\000o\000g\000\355\000a}{}% 9
\BOOKMARK [1][-]{section.2.1}{\376\377\000M\000e\000t\000o\000d\000o\000l\000o\000g\000\355\000a\000\040\000e\000x\000p\000e\000r\000i\000m\000e\000n\000t\000a\000l}{chapter.2}% 10
\BOOKMARK [2][-]{subsection.2.1.1}{\376\377\000P\000l\000\341\000s\000m\000i\000d\000o\000s\000,\000\040\000r\000e\000a\000c\000t\000i\000v\000o\000s\000,\000\040\000e\000q\000u\000i\000p\000o\000s\000\040\000y\000\040\000m\000a\000t\000e\000r\000i\000a\000l\000e\000s}{section.2.1}% 11
\BOOKMARK [2][-]{subsection.2.1.2}{\376\377\000E\000x\000t\000r\000a\000c\000c\000i\000\363\000n\000\040\000y\000\040\000c\000l\000o\000n\000a\000c\000i\000\363\000n\000\040\000d\000e\000\040\000p\000l\000\341\000s\000m\000i\000d\000o\000s}{section.2.1}% 12
\BOOKMARK [2][-]{subsection.2.1.3}{\376\377\000E\000x\000p\000r\000e\000s\000i\000\363\000n\000\040\000y\000\040\000p\000u\000r\000i\000f\000i\000c\000a\000c\000i\000\363\000n\000\040\000p\000r\000o\000t\000e\000\355\000n\000a\000\040\000f\000u\000s\000i\000\363\000n}{section.2.1}% 13
\BOOKMARK [2][-]{subsection.2.1.4}{\376\377\000C\000l\000i\000v\000a\000j\000e\000\040\000y\000\040\000d\000i\000\341\000l\000i\000s\000i\000s}{section.2.1}% 14
\BOOKMARK [2][-]{subsection.2.1.5}{\376\377\000R\000e\000p\000u\000r\000i\000f\000i\000c\000a\000c\000i\000\363\000n\000\040\000p\000o\000r\000\040\000h\000p\000l\000c}{section.2.1}% 15
\BOOKMARK [2][-]{subsection.2.1.6}{\376\377\000E\000l\000e\000c\000t\000r\000o\000f\000o\000r\000e\000s\000i\000s\000\040\000e\000n\000\040\000g\000e\000l\000\040\000y\000\040\000e\000m}{section.2.1}% 16
\BOOKMARK [2][-]{subsection.2.1.7}{\376\377\000E\000x\000p\000e\000r\000i\000m\000e\000n\000t\000o\000s\000\040\000d\000e\000\040\000m\000o\000n\000o\000c\000a\000p\000a\000s\000\040\000d\000e\000\040\000L\000a\000n\000g\000m\000u\000i\000r}{section.2.1}% 17
\BOOKMARK [2][-]{subsection.2.1.8}{\376\377\000A\000n\000\341\000l\000i\000s\000i\000s\000\040\000d\000e\000\040\000d\000a\000t\000o\000s}{section.2.1}% 18
\BOOKMARK [1][-]{section.2.2}{\376\377\000M\000e\000t\000o\000d\000o\000l\000o\000g\000\355\000a\000\040\000c\000o\000m\000p\000u\000t\000a\000c\000i\000o\000n\000a\000l}{chapter.2}% 19
\BOOKMARK [2][-]{subsection.2.2.1}{\376\377\000P\000r\000e\000p\000a\000r\000a\000c\000i\000\363\000n\000\040\000d\000e\000\040\000l\000o\000s\000\040\000s\000i\000s\000t\000e\000m\000a\000s}{section.2.2}% 20
\BOOKMARK [2][-]{subsection.2.2.2}{\376\377\000A\000n\000\341\000l\000i\000s\000i\000s\000\040\000d\000e\000\040\000t\000r\000a\000y\000e\000c\000t\000o\000r\000i\000a\000s}{section.2.2}% 21
\BOOKMARK [0][-]{chapter.3}{\376\377\000G\000e\000n\000e\000r\000a\000l\000i\000d\000a\000d\000e\000s\000,\000\040\000e\000x\000p\000r\000e\000s\000i\000\363\000n\000\040\000y\000\040\000p\000u\000r\000i\000f\000i\000c\000a\000c\000i\000\363\000n\000\040\000d\000e\000\040\000s\000e\000g\000m\000e\000n\000t\000o\000s\000\040\000t\000r\000a\000n\000s\000m\000e\000m\000b\000r\000a\000n\000a\000\040\000d\000e\000\040\000i\000n\000t\000e\000g\000r\000i\000n\000a\000s\000\040\000I\000I\000b\000/\0003}{}% 22
\BOOKMARK [1][-]{section.3.1}{\376\377\000E\000s\000t\000r\000u\000c\000t\000u\000r\000a\000\040\000s\000e\000c\000u\000n\000d\000a\000r\000i\000a\000\040\000d\000e\000\040\000p\000o\000l\000i\000p\000\351\000p\000t\000i\000d\000o\000s}{chapter.3}% 23
\BOOKMARK [1][-]{section.3.2}{\376\377\000E\000x\000p\000r\000e\000s\000i\000\363\000n\000\040\000y\000\040\000p\000u\000r\000i\000f\000i\000c\000a\000c\000i\000\363\000n\000\040\000d\000e\000\040\000p\000\351\000p\000t\000i\000d\000o\000s\000\040\000t\000r\000a\000n\000s\000m\000e\000m\000b\000r\000a\000n\000a}{chapter.3}% 24
\BOOKMARK [0][-]{chapter.4}{\376\377\000I\000n\000t\000e\000r\000a\000c\000c\000i\000\363\000n\000\040\000l\000\355\000p\000i\000d\000o\000-\000p\000\351\000p\000t\000i\000d\000o\000\040\000e\000n\000\040\000m\000o\000n\000o\000c\000a\000p\000a\000s\000\040\000d\000e\000\040\000L\000a\000n\000g\000m\000u\000i\000r}{}% 25
\BOOKMARK [1][-]{section.4.1}{\376\377\000M\000o\000n\000o\000c\000a\000p\000a\000s\000\040\000d\000e\000\040\000L\000a\000n\000g\000m\000u\000i\000r}{chapter.4}% 26
\BOOKMARK [2][-]{subsection.4.1.1}{\376\377\000T\000r\000a\000n\000s\000i\000c\000i\000o\000n\000e\000s\000\040\000d\000e\000\040\000f\000a\000s\000e\000\040\000e\000n\000\040\000m\000o\000n\000o\000c\000a\000p\000a\000s}{section.4.1}% 27
\BOOKMARK [1][-]{section.4.2}{\376\377\000M\000o\000n\000o\000c\000a\000p\000a\000s\000\040\000d\000e\000\040\000p\000\351\000p\000t\000i\000d\000o\000s\000\040\000p\000u\000r\000o\000s}{chapter.4}% 28
\BOOKMARK [1][-]{section.4.3}{\376\377\000M\000o\000n\000o\000c\000a\000p\000a\000s\000\040\000d\000e\000\040\000L\000a\000n\000g\000m\000u\000i\000r\000\040\000p\000a\000r\000a\000\040\000m\000e\000z\000c\000l\000a\000s\000\040\000l\000\355\000p\000i\000d\000o\000-\000p\000\351\000p\000t\000i\000d\000o}{chapter.4}% 29
\BOOKMARK [1][-]{section.4.4}{\376\377\000A\000n\000\341\000l\000i\000s\000i\000s\000\040\000d\000e\000\040\000l\000a\000\040\000m\000i\000s\000c\000i\000b\000i\000l\000i\000d\000a\000d\000\040\000d\000e\000\040\000m\000e\000z\000c\000l\000a\000s\000\040\000l\000\355\000p\000i\000d\000o\000-\000p\000\351\000p\000t\000i\000d\000o}{chapter.4}% 30
\BOOKMARK [1][-]{section.4.5}{\376\377\000P\000o\000t\000e\000n\000c\000i\000a\000l\000\040\000d\000e\000\040\000s\000u\000p\000e\000r\000f\000i\000c\000i\000e\000\040\000y\000\040\000m\000o\000m\000e\000n\000t\000o\000\040\000d\000i\000p\000o\000l\000a\000r\000\040\000e\000n\000\040\000m\000e\000z\000c\000l\000a\000s\000\040\000l\000\355\000p\000i\000d\000o\000-\000p\000\351\000p\000t\000i\000d\000o}{chapter.4}% 31
\BOOKMARK [1][-]{section.4.6}{\376\377\000A\000n\000\341\000l\000i\000s\000i\000s\000\040\000d\000e\000\040\000l\000a\000\040\000e\000l\000a\000s\000t\000i\000c\000i\000d\000a\000d\000\040\000l\000a\000t\000e\000r\000a\000l}{chapter.4}% 32
\BOOKMARK [1][-]{section.4.7}{\376\377\000D\000i\000s\000c\000u\000s\000i\000\363\000n\000\040\000g\000e\000n\000e\000r\000a\000l\000\040\000d\000e\000l\000\040\000c\000a\000p\000\355\000t\000u\000l\000o}{chapter.4}% 33
\BOOKMARK [0][-]{chapter.5}{\376\377\000C\000o\000n\000f\000o\000r\000m\000a\000c\000i\000\363\000n\000\040\000d\000e\000\040\000s\000e\000g\000m\000e\000n\000t\000o\000s\000\040\000t\000m\000-\000i\000c\000\040\000d\000e\000\040\000i\000n\000t\000e\000g\000r\000i\000n\000a\000s\000\040\000I\000I\000b\000/\0003\000:\000\040\000R\000o\000l\000\040\000d\000e\000l\000\040\000a\000m\000b\000i\000e\000n\000t\000e\000\040\000l\000i\000p\000\355\000d\000i\000c\000o}{}% 34
\BOOKMARK [0][-]{chapter.6}{\376\377\000C\000o\000n\000c\000l\000u\000s\000i\000o\000n\000e\000s\000\040\000y\000\040\000r\000e\000c\000o\000m\000e\000n\000d\000a\000c\000i\000o\000n\000e\000s}{}% 35
\BOOKMARK [1][-]{section.6.1}{\376\377\000C\000o\000n\000c\000l\000u\000s\000i\000o\000n\000e\000s}{chapter.6}% 36
\BOOKMARK [1][-]{section.6.2}{\376\377\000R\000e\000c\000o\000m\000e\000n\000d\000a\000c\000i\000o\000n\000e\000s}{chapter.6}% 37
\BOOKMARK [0][-]{appendix.Alph1}{\376\377\000P\000r\000o\000t\000o\000c\000o\000l\000o\000\040\000e\000x\000t\000r\000a\000c\000c\000i\000\363\000n\000\040\000y\000\040\000c\000l\000o\000n\000a\000c\000i\000\363\000n\000\040\000d\000e\000\040\000p\000l\000\341\000s\000m\000i\000d\000o\000s}{}% 38
\BOOKMARK [0][-]{appendix.Alph2}{\376\377\000P\000r\000o\000t\000o\000c\000o\000l\000o\000\040\000e\000x\000p\000r\000e\000s\000i\000\363\000n\000,\000\040\000l\000i\000s\000i\000s\000\040\000y\000\040\000p\000u\000r\000i\000f\000i\000c\000a\000c\000i\000\363\000n\000\040\000d\000e\000\040\000p\000r\000o\000t\000e\000\355\000n\000a\000\040\000f\000u\000s\000i\000\363\000n}{}% 39
\BOOKMARK [1][-]{subsection.Alph2.0.1}{\376\377\000E\000x\000p\000r\000e\000s\000i\000\363\000n}{appendix.Alph2}% 40
\BOOKMARK [1][-]{section.Alph2.1}{\376\377\000L\000i\000s\000i\000s\000\040\000d\000e\000\040\000c\000\351\000l\000u\000l\000a\000s}{appendix.Alph2}% 41
\BOOKMARK [1][-]{section.Alph2.2}{\376\377\000P\000u\000r\000i\000f\000i\000c\000a\000c\000i\000\363\000n\000\040\000p\000o\000r\000\040\000f\000p\000l\000c}{appendix.Alph2}% 42
\BOOKMARK [1][-]{section.Alph2.3}{\376\377\000C\000o\000n\000c\000e\000n\000t\000r\000a\000r\000\040\000y\000\040\000d\000e\000s\000a\000l\000a\000r\000\040\000p\000r\000o\000t\000e\000\355\000n\000a\000\040\000f\000u\000s\000i\000\363\000n}{appendix.Alph2}% 43
\BOOKMARK [1][-]{section.Alph2.4}{\376\377\000P\000r\000o\000t\000o\000c\000o\000l\000o\000\040\000d\000e\000\040\000c\000l\000i\000v\000a\000j\000e\000\040\000y\000\040\000d\000i\000\341\000l\000i\000s\000i\000s}{appendix.Alph2}% 44
\BOOKMARK [0][-]{appendix.Alph3}{\376\377\000P\000r\000o\000t\000o\000c\000o\000l\000o\000\040\000h\000p\000l\000c}{}% 45
\BOOKMARK [0][-]{appendix.Alph4}{\376\377\000P\000r\000o\000t\000o\000c\000o\000l\000o\000\040\000m\000o\000n\000o\000c\000a\000p\000a\000s}{}% 46
\BOOKMARK [1][-]{subsection.Alph4.0.1}{\376\377\000C\000a\000m\000p\000o\000\040\000d\000e\000\040\000f\000u\000e\000r\000z\000a\000\040\000M\000A\000R\000T\000I\000N\000I}{appendix.Alph4}% 47
\BOOKMARK [0][-]{figure.caption.78}{\376\377\000B\000i\000b\000l\000i\000o\000g\000r\000a\000f\000\355\000a}{}% 48
